2021-02-26T16:18:50.652357Z 0 [Warning] [MY-011070] [Server] 'Disabling symbolic links using --skip-symbolic-links (or equivalent) is the default. Consider not using this option as it' is deprecated and will be removed in a future release.
2021-02-26T16:18:50.652502Z 0 [System] [MY-013169] [Server] /usr/sbin/mysqld (mysqld 8.0.23) initializing of server in progress as process 44
2021-02-26T16:18:50.660991Z 0 [Warning] [MY-010159] [Server] Setting lower_case_table_names=2 because file system for /var/lib/mysql/ is case insensitive
2021-02-26T16:18:50.673811Z 1 [System] [MY-013576] [InnoDB] InnoDB initialization has started.
2021-02-26T16:18:52.795609Z 1 [System] [MY-013577] [InnoDB] InnoDB initialization has ended.
2021-02-26T16:18:54.845805Z 6 [Warning] [MY-010453] [Server] root@localhost is created with an empty password ! Please consider switching off the --initialize-insecure option.
2021-02-26T16:18:59.061621Z 0 [Warning] [MY-011070] [Server] 'Disabling symbolic links using --skip-symbolic-links (or equivalent) is the default. Consider not using this option as it' is deprecated and will be removed in a future release.
2021-02-26T16:18:59.061776Z 0 [System] [MY-010116] [Server] /usr/sbin/mysqld (mysqld 8.0.23) starting as process 89
2021-02-26T16:18:59.069729Z 0 [Warning] [MY-010159] [Server] Setting lower_case_table_names=2 because file system for /var/lib/mysql/ is case insensitive
2021-02-26T16:18:59.094017Z 1 [System] [MY-013576] [InnoDB] InnoDB initialization has started.
2021-02-26T16:18:59.798043Z 1 [System] [MY-013577] [InnoDB] InnoDB initialization has ended.
2021-02-26T16:18:59.981904Z 0 [System] [MY-011323] [Server] X Plugin ready for connections. Socket: /var/run/mysqld/mysqlx.sock
2021-02-26T16:19:00.183059Z 0 [Warning] [MY-010068] [Server] CA certificate ca.pem is self signed.
2021-02-26T16:19:00.184310Z 0 [System] [MY-013602] [Server] Channel mysql_main configured to support TLS. Encrypted connections are now supported for this channel.
2021-02-26T16:19:00.195836Z 0 [Warning] [MY-011810] [Server] Insecure configuration for --pid-file: Location '/var/run/mysqld' in the path is accessible to all OS users. Consider choosing a different directory.
2021-02-26T16:19:00.286704Z 0 [System] [MY-010931] [Server] /usr/sbin/mysqld: ready for connections. Version: '8.0.23'  socket: '/var/lib/mysql/mysql.sock'  port: 0  MySQL Community Server - GPL.
2021-02-26T16:19:04.536250Z 10 [System] [MY-013172] [Server] Received SHUTDOWN from user root. Shutting down mysqld (Version: 8.0.23).
2021-02-26T16:19:06.281689Z 0 [System] [MY-010910] [Server] /usr/sbin/mysqld: Shutdown complete (mysqld 8.0.23)  MySQL Community Server - GPL.
2021-02-26T16:19:06.783201Z 0 [Warning] [MY-011070] [Server] 'Disabling symbolic links using --skip-symbolic-links (or equivalent) is the default. Consider not using this option as it' is deprecated and will be removed in a future release.
2021-02-26T16:19:06.783355Z 0 [System] [MY-010116] [Server] /usr/sbin/mysqld (mysqld 8.0.23) starting as process 1
2021-02-26T16:19:06.791292Z 0 [Warning] [MY-010159] [Server] Setting lower_case_table_names=2 because file system for /var/lib/mysql/ is case insensitive
2021-02-26T16:19:06.814436Z 1 [System] [MY-013576] [InnoDB] InnoDB initialization has started.
2021-02-26T16:19:07.330059Z 1 [System] [MY-013577] [InnoDB] InnoDB initialization has ended.
2021-02-26T16:19:07.524328Z 0 [System] [MY-011323] [Server] X Plugin ready for connections. Bind-address: '::' port: 33060, socket: /var/run/mysqld/mysqlx.sock
2021-02-26T16:19:07.636670Z 0 [Warning] [MY-010068] [Server] CA certificate ca.pem is self signed.
2021-02-26T16:19:07.637712Z 0 [System] [MY-013602] [Server] Channel mysql_main configured to support TLS. Encrypted connections are now supported for this channel.
2021-02-26T16:19:07.648293Z 0 [Warning] [MY-011810] [Server] Insecure configuration for --pid-file: Location '/var/run/mysqld' in the path is accessible to all OS users. Consider choosing a different directory.
2021-02-26T16:19:07.728389Z 0 [System] [MY-010931] [Server] /usr/sbin/mysqld: ready for connections. Version: '8.0.23'  socket: '/var/lib/mysql/mysql.sock'  port: 3306  MySQL Community Server - GPL.
mbind: Operation not permitted
2021-02-26T16:20:41.971689Z 10 [Warning] [MY-013360] [Server] Plugin sha256_password reported: ''sha256_password' is deprecated and will be removed in a future release. Please use caching_sha2_password instead'
